number,value,state,params_attention_head_size,params_attention_head_size_v2,params_dropout,params_gradient_clip_val,params_hidden_continuous_size,params_hidden_continuous_size_v2,params_hidden_size,params_hidden_size_v2,params_learning_rate,user_attrs_Directional_Accuracy,user_attrs_F1_Up,user_attrs_best_checkpoint,user_attrs_effective_attention_head_size,user_attrs_effective_hidden_continuous_size,user_attrs_effective_hidden_size,user_attrs_effective_precision,user_attrs_hidden_continuous_size_adjusted_from,datetime_start,datetime_complete
0,0.00714503601193428,COMPLETE,4.0,,0.16370173320348286,0.26364247048639056,24.0,,16.0,,0.0005611516415334506,0.489342604565087,0.6295721664227797,/home/mveen/Desktop/S26/INLP/root/artifacts/tft_tune/window_7/trials/trial_00000/checkpoints/best-epoch004-valloss0.007145.ckpt,,,,bf16-mixed,24.0,2026-04-10 01:27:35.817275,2026-04-10 01:30:33.302070
1,0.007189931347966194,COMPLETE,2.0,,0.2777243706586128,0.14180537144799796,8.0,,32.0,,0.00023270677083837802,0.4832656678089933,0.6506212726154146,/home/mveen/Desktop/S26/INLP/root/artifacts/tft_tune/window_7/trials/trial_00001/checkpoints/best-epoch004-valloss0.007190.ckpt,,,,bf16-mixed,,2026-04-10 01:30:33.468917,2026-04-10 01:34:16.807252
2,0.007172047160565853,COMPLETE,4.0,,0.37279612062363465,0.3329019834400152,8.0,,64.0,,0.0016409286730647919,0.4841469773554083,0.64683808071474,/home/mveen/Desktop/S26/INLP/root/artifacts/tft_tune/window_7/trials/trial_00002/checkpoints/best-epoch004-valloss0.007172.ckpt,,,,bf16-mixed,,2026-04-10 01:34:16.984481,2026-04-10 01:37:27.152999
3,0.007229628041386604,COMPLETE,2.0,,0.11356818667316143,0.39279729768693794,8.0,,48.0,,0.0021137059440645744,0.48337477658320754,0.6463197493749577,/home/mveen/Desktop/S26/INLP/root/artifacts/tft_tune/window_7/trials/trial_00003/checkpoints/best-epoch001-valloss0.007230.ckpt,,,,bf16-mixed,,2026-04-10 01:37:27.304374,2026-04-10 01:40:26.986261
4,0.007195194251835346,COMPLETE,1.0,,0.3446384285364503,0.7361716094628554,24.0,,32.0,,0.0005989003672254305,0.4848028356225078,0.5734770116065318,/home/mveen/Desktop/S26/INLP/root/artifacts/tft_tune/window_7/trials/trial_00004/checkpoints/best-epoch003-valloss0.007195.ckpt,,,,bf16-mixed,,2026-04-10 01:40:27.135401,2026-04-10 01:42:59.039117
5,0.007226324640214443,PRUNED,4.0,,0.36616382277289805,0.5249934326457544,8.0,,16.0,,0.0028708753481954683,,,,,,,,,2026-04-10 01:42:59.190378,2026-04-10 01:44:26.777846
6,0.007242802996188402,PRUNED,4.0,,0.25257120734941085,0.9168098265334838,16.0,,64.0,,0.00017345566642360953,,,,,,,,,2026-04-10 01:44:46.952396,2026-04-10 01:46:15.774698
7,0.007204518653452396,PRUNED,2.0,,0.3677676995469934,0.5854080177240857,24.0,,32.0,,0.00031519872951938895,,,,,,,,,2026-04-10 01:46:35.952885,2026-04-10 01:48:03.721305
8,0.007225492503494024,PRUNED,1.0,,0.20128455142108842,0.9486187335212672,24.0,,16.0,,0.004119839624605189,,,,,,,,24.0,2026-04-10 01:48:23.894705,2026-04-10 01:49:35.859233
9,0.007149511016905308,COMPLETE,4.0,,0.11544362537499682,0.35078181781295026,8.0,,64.0,,0.00044300218067679835,0.5038215197465784,0.5059633196958429,/home/mveen/Desktop/S26/INLP/root/artifacts/tft_tune/window_7/trials/trial_00009/checkpoints/best-epoch004-valloss0.007150.ckpt,,,,bf16-mixed,,2026-04-10 01:49:56.032652,2026-04-10 01:52:33.431671
10,0.007224427070468664,PRUNED,8.0,,0.18180606316032538,0.13485267996506467,32.0,,16.0,,0.0077673538162370695,,,,,,,,32.0,2026-04-10 01:52:33.582200,2026-04-10 01:53:52.162689
11,0.007175490725785494,COMPLETE,4.0,,0.1029331042031445,0.3133526657347203,32.0,,64.0,,0.0006683343962512113,0.5168446465870354,0.0060207099516538165,/home/mveen/Desktop/S26/INLP/root/artifacts/tft_tune/window_7/trials/trial_00011/checkpoints/best-epoch003-valloss0.007175.ckpt,,,,bf16-mixed,,2026-04-10 01:54:12.340376,2026-04-10 01:56:50.604513
12,0.007170605473220348,COMPLETE,4.0,,0.1591860528576127,0.24049827227484555,16.0,,48.0,,0.0004323248578036496,0.48493364558938334,0.5435046268923612,/home/mveen/Desktop/S26/INLP/root/artifacts/tft_tune/window_7/trials/trial_00012/checkpoints/best-epoch002-valloss0.007171.ckpt,,,,bf16-mixed,,2026-04-10 01:56:50.758348,2026-04-10 01:59:26.559402
13,0.007252997253090143,PRUNED,8.0,,0.14663455033588305,0.508729272146599,24.0,,16.0,,0.0001105324656929113,,,,,,,,24.0,2026-04-10 01:59:26.710198,2026-04-10 02:00:44.612072
14,0.007164695765823126,COMPLETE,4.0,,0.22328535522849025,0.4323148257603022,8.0,,64.0,,0.0010856135103898363,0.48538334252619963,0.4917807678267124,/home/mveen/Desktop/S26/INLP/root/artifacts/tft_tune/window_7/trials/trial_00014/checkpoints/best-epoch002-valloss0.007165.ckpt,,,,bf16-mixed,,2026-04-10 02:01:04.792070,2026-04-10 02:03:41.785566
15,0.007142381742596626,COMPLETE,4.0,,0.1449024316288992,0.24357780847616217,24.0,,16.0,,0.0008754669040795118,0.5130951627438747,0.1689385424884154,/home/mveen/Desktop/S26/INLP/root/artifacts/tft_tune/window_7/trials/trial_00015/checkpoints/best-epoch006-valloss0.007142.ckpt,,,,bf16-mixed,24.0,2026-04-10 02:03:41.939117,2026-04-10 02:05:56.593607
16,0.007216117810457945,PRUNED,4.0,,0.2893253030616896,0.23185299527205722,24.0,,16.0,,0.001236233233009421,,,,,,,,24.0,2026-04-10 02:05:56.747062,2026-04-10 02:07:12.284797
17,0.007152552250772715,COMPLETE,8.0,,0.15796573766355765,0.10329790934647737,24.0,,16.0,,0.0008035952138507683,0.488227404386655,0.6338997425157208,/home/mveen/Desktop/S26/INLP/root/artifacts/tft_tune/window_7/trials/trial_00017/checkpoints/best-epoch005-valloss0.007153.ckpt,,,,bf16-mixed,24.0,2026-04-10 02:07:32.460328,2026-04-10 02:09:51.107545
18,0.007295243442058563,PRUNED,1.0,,0.21649562351754414,0.6580555002665053,24.0,,16.0,,0.007501054462493079,,,,,,,,24.0,2026-04-10 02:09:51.263240,2026-04-10 02:11:04.638594
19,0.007253010291606188,PRUNED,4.0,,0.14194444722590646,0.2267297943193522,24.0,,16.0,,0.0036551247379703945,,,,,,,,24.0,2026-04-10 02:11:24.817857,2026-04-10 02:12:40.327559
20,0.007174042984843254,COMPLETE,4.0,,0.17988670040814508,0.8014989175980146,16.0,,48.0,,0.0015728965685546622,0.4734609484024005,0.5866339199813796,/home/mveen/Desktop/S26/INLP/root/artifacts/tft_tune/window_7/trials/trial_00020/checkpoints/best-epoch004-valloss0.007174.ckpt,,,,bf16-mixed,,2026-04-10 02:13:00.507873,2026-04-10 02:15:59.315885
21,0.007168674375861883,COMPLETE,4.0,,0.121571933442646,0.415714987824348,32.0,,64.0,,0.0004560668675200707,0.5169718396884673,0.34832633399080964,/home/mveen/Desktop/S26/INLP/root/artifacts/tft_tune/window_7/trials/trial_00021/checkpoints/best-epoch002-valloss0.007169.ckpt,,,,bf16-mixed,,2026-04-10 02:15:59.471366,2026-04-10 02:18:37.569685
22,0.007212677970528603,PRUNED,4.0,,0.1256453340927409,0.28148279636995643,8.0,,64.0,,0.00035149000902862186,,,,,,,,,2026-04-10 02:18:37.727894,2026-04-10 02:20:06.543948
23,0.007227928377687931,PRUNED,4.0,,0.18687659098276815,0.3614731908725695,24.0,,16.0,,0.0002104466608057344,,,,,,,,24.0,2026-04-10 02:20:26.730903,2026-04-10 02:21:42.338225
24,0.007149198558181524,COMPLETE,4.0,,0.13686867907478198,0.19382250562735237,24.0,,16.0,,0.0007341116266368279,0.48481730308428206,0.5879639581049012,/home/mveen/Desktop/S26/INLP/root/artifacts/tft_tune/window_7/trials/trial_00024/checkpoints/best-epoch004-valloss0.007149.ckpt,,,,bf16-mixed,24.0,2026-04-10 02:22:02.514279,2026-04-10 02:24:15.909965
25,0.007210149429738522,PRUNED,4.0,,0.23606795245561363,0.18334255846829434,24.0,,16.0,,0.0008547409987932427,,,,,,,,24.0,2026-04-10 02:24:16.065101,2026-04-10 02:25:31.719954
26,0.007197505794465542,PRUNED,1.0,,0.16792901724994405,0.21238428201809795,24.0,,16.0,,0.0005892960869740255,,,,,,,,24.0,2026-04-10 02:25:51.903362,2026-04-10 02:27:04.309989
27,0.007274350617080927,PRUNED,8.0,,0.1366048106342487,0.2766819872502636,24.0,,16.0,,0.001104078057666158,,,,,,,,24.0,2026-04-10 02:27:24.487009,2026-04-10 02:28:43.269351
28,0.007244434207677841,PRUNED,2.0,,0.20766678087797785,0.17136043911743112,24.0,,16.0,,0.0020776842557605995,,,,,,,,24.0,2026-04-10 02:29:03.447023,2026-04-10 02:30:16.656963
29,0.00717848539352417,COMPLETE,2.0,,0.2921590400096891,0.11382344841140649,24.0,,32.0,,0.0002989593142783266,0.5052531956513221,0.42593436236384213,/home/mveen/Desktop/S26/INLP/root/artifacts/tft_tune/window_7/trials/trial_00029/checkpoints/best-epoch003-valloss0.007178.ckpt,,,,bf16-mixed,,2026-04-10 02:30:36.837107,2026-04-10 02:33:09.648447
30,0.007155331317335367,COMPLETE,4.0,,0.2509273364604893,0.4370678824130976,16.0,,16.0,,0.0007500281558758369,0.4874479698835671,0.5963364960956226,/home/mveen/Desktop/S26/INLP/root/artifacts/tft_tune/window_7/trials/trial_00030/checkpoints/best-epoch004-valloss0.007155.ckpt,,,,bf16-mixed,,2026-04-10 02:33:09.806759,2026-04-10 02:35:27.018480
31,0.007171856705099344,COMPLETE,4.0,,0.10786764082866783,0.2927851727297881,8.0,,64.0,,0.00046855848574916436,0.5084607524888556,0.20877328014283802,/home/mveen/Desktop/S26/INLP/root/artifacts/tft_tune/window_7/trials/trial_00031/checkpoints/best-epoch002-valloss0.007172.ckpt,,,,bf16-mixed,,2026-04-10 02:35:27.176048,2026-04-10 02:38:26.203699
32,0.0071949767880141735,PRUNED,4.0,,0.13019897583984938,0.3347369530285537,8.0,,48.0,,0.00023170907830979013,,,,,,,,,2026-04-10 02:38:26.365892,2026-04-10 02:39:55.830430
33,0.007170733995735645,COMPLETE,4.0,,0.15240199828469594,0.4791531320233503,8.0,,64.0,,0.0014567900961439636,0.489011661377001,0.576494690244514,/home/mveen/Desktop/S26/INLP/root/artifacts/tft_tune/window_7/trials/trial_00033/checkpoints/best-epoch002-valloss0.007171.ckpt,,,,bf16-mixed,,2026-04-10 02:40:16.017122,2026-04-10 02:42:55.375338
34,0.007159882225096226,COMPLETE,4.0,,0.31929995692820473,0.37523010105886856,32.0,,32.0,,0.0004969353996133368,0.49091111854577896,0.3597706877742257,/home/mveen/Desktop/S26/INLP/root/artifacts/tft_tune/window_7/trials/trial_00034/checkpoints/best-epoch005-valloss0.007160.ckpt,,,,bf16-mixed,,2026-04-10 02:42:55.536326,2026-04-10 02:45:12.307035
35,0.007218488492071629,PRUNED,4.0,,0.10342073072641181,0.1579660055864523,8.0,,16.0,,0.00014439075922601348,,,,,,,,,2026-04-10 02:45:12.465695,2026-04-10 02:46:41.594884
36,0.007115720771253109,COMPLETE,4.0,,0.11870441341665455,0.2614614038264875,24.0,,48.0,,0.0009084000600058438,0.48039508226861866,0.6303752261897043,/home/mveen/Desktop/S26/INLP/root/artifacts/tft_tune/window_7/trials/trial_00036/checkpoints/best-epoch004-valloss0.007116.ckpt,,,,bf16-mixed,,2026-04-10 02:47:01.780781,2026-04-10 02:50:48.223363
37,0.007149207405745983,COMPLETE,2.0,,0.16899878562946538,0.25976266522502295,24.0,,48.0,,0.0009040519608501916,0.5136286503968003,0.4717071904216887,/home/mveen/Desktop/S26/INLP/root/artifacts/tft_tune/window_7/trials/trial_00037/checkpoints/best-epoch004-valloss0.007149.ckpt,,,,bf16-mixed,,2026-04-10 02:50:48.385183,2026-04-10 02:53:26.051116
38,0.007257409859448671,PRUNED,1.0,,0.39222518807911866,0.5917686941331755,24.0,,48.0,,0.0020115914758636645,,,,,,,,,2026-04-10 02:53:26.211225,2026-04-10 02:54:52.782198
39,0.007232722360640764,PRUNED,4.0,,0.19094313095455856,0.19335495389088664,24.0,,48.0,,0.0006560783345735663,,,,,,,,,2026-04-10 02:55:12.970785,2026-04-10 02:56:43.026620
40,0.007209462579339743,PRUNED,4.0,,0.1391161772967163,0.31861735031644467,24.0,,32.0,,0.0013303576343133398,,,,,,,,,2026-04-10 02:57:03.208659,2026-04-10 02:58:55.883709
41,0.007142934948205948,COMPLETE,2.0,,0.1663104244248485,0.26058360188666335,24.0,,48.0,,0.0009662798930470411,0.5010419586531999,0.47303329756295137,/home/mveen/Desktop/S26/INLP/root/artifacts/tft_tune/window_7/trials/trial_00041/checkpoints/best-epoch006-valloss0.007143.ckpt,,,,bf16-mixed,,2026-04-10 02:59:16.068946,2026-04-10 03:01:53.826470
42,0.0072553944773972034,PRUNED,2.0,,0.16872861075341578,0.1512401304789861,24.0,,48.0,,0.0010130061145163386,,,,,,,,,2026-04-10 03:01:53.989831,2026-04-10 03:03:22.396306
43,0.00720316544175148,PRUNED,2.0,,0.11974192472315207,0.2416938060671192,24.0,,48.0,,0.0005363089380944091,,,,,,,,,2026-04-10 03:03:42.594485,2026-04-10 03:05:32.916891
44,0.007155389524996281,COMPLETE,2.0,,0.199166489797431,0.3794256162698535,24.0,,48.0,,0.002783486681688601,0.4862417452581387,0.5582442317082095,/home/mveen/Desktop/S26/INLP/root/artifacts/tft_tune/window_7/trials/trial_00044/checkpoints/best-epoch002-valloss0.007155.ckpt,,,,bf16-mixed,,2026-04-10 03:05:53.100571,2026-04-10 03:08:29.494325
45,0.00723772868514061,PRUNED,2.0,,0.15081122350386802,0.31804639785386807,24.0,,48.0,,0.00036917916928552497,,,,,,,,,2026-04-10 03:08:29.656758,2026-04-10 03:09:57.534338
46,,FAIL,8.0,,0.12904693281134993,0.8561531202287448,16.0,,16.0,,0.0007249855168406377,,,,,,,,,2026-04-10 03:10:17.725426,2026-04-10 03:11:56.909084
47,0.007165749557316303,COMPLETE,8.0,,0.26968392720442097,0.873963187593433,16.0,,16.0,,0.0006905026857294433,0.504787825630917,0.32905718159704206,/home/mveen/Desktop/S26/INLP/root/artifacts/tft_tune/window_7/trials/trial_00047/checkpoints/best-epoch003-valloss0.007166.ckpt,,,,bf16-mixed,,2026-04-10 08:38:28.790527,2026-04-10 08:41:24.178166
48,,RUNNING,4.0,,0.13212474874041946,0.19381183448629516,24.0,,48.0,,0.0017125820597332947,,,,,,,,,2026-04-10 08:41:24.384335,
49,,RUNNING,4.0,,0.1752179345047597,0.26817967342027055,24.0,,48.0,,0.0018606597246921,,,,,,,,,2026-04-10 08:45:43.714695,
50,,RUNNING,4.0,,0.1752179345047597,0.26817967342027055,24.0,,48.0,,0.0018606597246921,,,,,,,,,2026-04-10 08:46:38.831761,
51,,RUNNING,4.0,,0.1752179345047597,0.26817967342027055,24.0,,48.0,,0.0018606597246921,,,,,,,,,2026-04-10 08:47:05.251128,
52,,RUNNING,4.0,,0.1752179345047597,0.26817967342027055,24.0,,48.0,,0.0018606597246921,,,,,,,,,2026-04-10 08:47:31.198135,
53,,RUNNING,4.0,,0.1752179345047597,0.26817967342027055,24.0,,48.0,,0.0018606597246921,,,,,,,,,2026-04-10 08:47:59.998807,
54,0.007178314030170441,COMPLETE,4.0,,0.1752179345047597,0.26817967342027055,24.0,,48.0,,0.0018606597246921,,,/home/mveen/Desktop/S26/INLP/root/artifacts/tft_tune/window_7/trials/trial_00054/checkpoints/best-epoch000-valloss0.007178.ckpt,,,,bf16-mixed,,2026-04-10 08:52:37.879132,2026-04-10 08:54:26.124349
55,0.007155001629143953,COMPLETE,1.0,,0.13212474874041946,0.4665025629824473,32.0,,16.0,,0.0009940325127352323,,,/home/mveen/Desktop/S26/INLP/root/artifacts/tft_tune/window_7/trials/trial_00055/checkpoints/best-epoch004-valloss0.007155.ckpt,,,,bf16-mixed,32.0,2026-04-10 08:54:26.292320,2026-04-10 08:57:03.644597
56,0.00716154370456934,COMPLETE,4.0,,0.11380007218190191,0.19880983046363526,24.0,,16.0,,0.0012142092341690346,,,/home/mveen/Desktop/S26/INLP/root/artifacts/tft_tune/window_7/trials/trial_00056/checkpoints/best-epoch003-valloss0.007162.ckpt,,,,bf16-mixed,24.0,2026-04-10 08:57:03.822812,2026-04-10 08:58:36.385529
57,0.007199574261903763,PRUNED,2.0,,0.1574125486433875,0.13451045797224767,24.0,,48.0,,0.000829023360000427,,,,,,,,,2026-04-10 08:58:36.576903,2026-04-10 09:00:21.450285
58,0.007195150479674339,PRUNED,2.0,,0.16510886992826837,0.25961864588709804,24.0,,48.0,,0.0008765950137333191,,,,,,,,,2026-04-10 09:01:01.720062,2026-04-10 09:02:47.859163
59,0.00716782733798027,COMPLETE,2.0,,0.14594524430967448,0.2248329245372764,24.0,,48.0,,0.0005651431725633392,,,/home/mveen/Desktop/S26/INLP/root/artifacts/tft_tune/window_7/trials/trial_00059/checkpoints/best-epoch001-valloss0.007168.ckpt,,,,bf16-mixed,,2026-04-10 09:03:28.115736,2026-04-10 09:05:39.660585
60,0.007158724591135979,COMPLETE,2.0,,0.19706221792216194,0.34664444829715824,24.0,,48.0,,0.0015681034755770928,,,/home/mveen/Desktop/S26/INLP/root/artifacts/tft_tune/window_7/trials/trial_00060/checkpoints/best-epoch001-valloss0.007159.ckpt,,,,bf16-mixed,,2026-04-10 09:05:39.826693,2026-04-10 09:07:26.598929
61,0.007177486550062895,COMPLETE,2.0,,0.1768909032194964,0.3004071378370731,24.0,,48.0,,0.0009345884130938793,,,/home/mveen/Desktop/S26/INLP/root/artifacts/tft_tune/window_7/trials/trial_00061/checkpoints/best-epoch003-valloss0.007177.ckpt,,,,bf16-mixed,,2026-04-10 09:07:26.764269,2026-04-10 09:09:12.731131
62,0.00720519432798028,PRUNED,4.0,,0.22405364702864045,0.2589193387531331,24.0,,16.0,,0.0007458070674811646,,,,,,,,24.0,2026-04-10 09:09:12.899479,2026-04-10 09:10:46.036740
63,0.0071506863459944725,COMPLETE,8.0,,0.10066198490935332,0.4060743944601982,24.0,,32.0,,0.0025039225676286468,,,/home/mveen/Desktop/S26/INLP/root/artifacts/tft_tune/window_7/trials/trial_00063/checkpoints/best-epoch003-valloss0.007151.ckpt,,,,bf16-mixed,,2026-04-10 09:11:26.293603,2026-04-10 09:13:18.087090
64,0.007197989616543055,PRUNED,4.0,,0.12894716818649588,0.19798847902423336,16.0,,48.0,,0.00038442773326527224,,,,,,,,,2026-04-10 09:13:18.250863,2026-04-10 09:15:06.159794
65,0.007228451315313578,PRUNED,2.0,,0.14422255390802946,0.7041132706154968,24.0,,16.0,,0.0002716589188431597,,,,,,,,24.0,2026-04-10 09:15:46.418839,2026-04-10 09:17:17.834592
66,0.007182098925113678,PRUNED,4.0,,0.11597244927161764,0.5513113138801301,32.0,,16.0,,0.0006431181487549488,,,,,,,,32.0,2026-04-10 09:17:58.102739,2026-04-10 09:19:31.014534
67,0.007166760973632336,COMPLETE,1.0,,0.2138381686544061,0.12043215888364794,24.0,,48.0,,0.001246186680931525,,,/home/mveen/Desktop/S26/INLP/root/artifacts/tft_tune/window_7/trials/trial_00067/checkpoints/best-epoch003-valloss0.007167.ckpt,,,,bf16-mixed,,2026-04-10 09:20:11.281139,2026-04-10 09:21:56.052073
68,0.007163285743445158,COMPLETE,4.0,,0.16049403861162456,0.23468103036480797,8.0,,64.0,,0.00040851047368793957,,,/home/mveen/Desktop/S26/INLP/root/artifacts/tft_tune/window_7/trials/trial_00068/checkpoints/best-epoch003-valloss0.007163.ckpt,,,,bf16-mixed,,2026-04-10 09:21:56.222790,2026-04-10 09:23:43.785019
69,0.007172705605626106,COMPLETE,4.0,,0.11266235686321188,0.17016119322804713,8.0,,64.0,,0.0005212673661961984,,,/home/mveen/Desktop/S26/INLP/root/artifacts/tft_tune/window_7/trials/trial_00069/checkpoints/best-epoch003-valloss0.007173.ckpt,,,,bf16-mixed,,2026-04-10 09:23:43.956392,2026-04-10 09:25:31.896678
70,0.007172161713242531,COMPLETE,4.0,,0.1252017651900559,0.2918037431546731,8.0,,64.0,,0.0006278956618029221,,,/home/mveen/Desktop/S26/INLP/root/artifacts/tft_tune/window_7/trials/trial_00070/checkpoints/best-epoch002-valloss0.007172.ckpt,,,,bf16-mixed,,2026-04-10 09:25:32.067045,2026-04-10 09:27:19.608381
71,0.00718436436727643,PRUNED,4.0,,0.13768916313080914,0.3595356361744598,24.0,,64.0,,0.0010390626146414108,,,,,,,,,2026-04-10 09:27:19.775846,2026-04-10 09:29:07.818814
72,0.007234128657728434,PRUNED,4.0,,0.1842481792018813,0.25639318963008284,24.0,,16.0,,0.0007690139919332374,,,,,,,,24.0,2026-04-10 09:29:48.120034,2026-04-10 09:31:21.673165
73,0.00718244444578886,PRUNED,4.0,,0.16798945503986268,0.22078313754251716,16.0,,16.0,,0.0008967871629043842,,,,,,,,,2026-04-10 09:32:01.935045,2026-04-10 09:33:35.376384
74,0.007271321956068277,PRUNED,8.0,,0.15539544540626216,0.3351042753468795,24.0,,64.0,,0.0003262415144805435,,,,,,,,,2026-04-10 09:34:15.641322,2026-04-10 09:36:08.724793
75,0.007187743671238422,PRUNED,4.0,,0.12060923822554037,0.3036923903059101,8.0,,16.0,,0.0004537359853807837,,,,,,,,,2026-04-10 09:36:48.978129,2026-04-10 09:38:35.956476
76,0.007215788122266531,PRUNED,2.0,,0.14625497647207747,0.17586507337442486,32.0,,48.0,,0.005844458487288992,,,,,,,,,2026-04-10 09:39:16.220163,2026-04-10 09:41:02.519167
77,0.0071792216040194035,PRUNED,4.0,,0.1356652200243917,0.10233562053836912,24.0,,32.0,,0.0013796587024452096,,,,,,,,,2026-04-10 09:41:42.785363,2026-04-10 09:43:31.135240
78,0.007257060147821903,PRUNED,8.0,,0.10846877650675028,0.40882625611656137,24.0,,32.0,,0.0024630522395257533,,,,,,,,,2026-04-10 09:44:11.399232,2026-04-10 09:46:03.242219
79,0.007191183511167765,PRUNED,8.0,,0.10308638435883063,0.4392003471382244,24.0,,32.0,,0.0017697381328839192,,,,,,,,,2026-04-10 09:46:43.510774,2026-04-10 09:48:35.485264
80,0.007186403032392263,PRUNED,8.0,,0.10075060492604093,0.3796256903937995,24.0,,32.0,,0.004460172480172023,,,,,,,,,2026-04-10 09:49:15.763893,2026-04-10 09:51:07.308592
81,0.007244579028338194,PRUNED,8.0,,0.12559522415547641,0.2800133771581998,24.0,,32.0,,0.009341475844811398,,,,,,,,,2026-04-10 09:51:47.568512,2026-04-10 09:53:39.900653
82,0.007126861717551947,COMPLETE,8.0,,0.11536353696570466,0.40588702880389804,24.0,,32.0,,0.0006874687500349033,,,/home/mveen/Desktop/S26/INLP/root/artifacts/tft_tune/window_7/trials/trial_00082/checkpoints/best-epoch003-valloss0.007127.ckpt,,,,bf16-mixed,,2026-04-10 09:54:20.161702,2026-04-10 09:56:11.795272
83,0.0072093019261956215,PRUNED,4.0,,0.3519515368544841,0.3258150419629607,24.0,,16.0,,0.0007177303398198693,,,,,,,,24.0,2026-04-10 09:56:11.976015,2026-04-10 09:57:45.001242
84,0.007162457797676325,COMPLETE,1.0,,0.17353047345219716,0.2008575178803625,8.0,,48.0,,0.0011250876899617363,,,/home/mveen/Desktop/S26/INLP/root/artifacts/tft_tune/window_7/trials/trial_00084/checkpoints/best-epoch002-valloss0.007162.ckpt,,,,bf16-mixed,,2026-04-10 09:58:25.296074,2026-04-10 10:00:10.041454
85,0.007198233623057604,PRUNED,4.0,,0.1909917409035401,0.3513342797778029,24.0,,64.0,,0.0006065089163088854,,,,,,,,,2026-04-10 10:00:10.210378,2026-04-10 10:01:57.971373
86,0.0072075617499649525,PRUNED,2.0,,0.15108318999113055,0.14692403577348823,24.0,,16.0,,0.0005319471273967151,,,,,,,,24.0,2026-04-10 10:02:38.248521,2026-04-10 10:04:09.727472
